Running from: /mnt/c/Users/lambr/Documents/spring-boot-hello-world/jenkins.war
webroot: /home/lambr/.jenkins/war
2025-08-12 20:32:21.295+0000 [id=1]	INFO	winstone.Logger#logInternal: Beginning extraction from war file
2025-08-12 20:32:24.354+0000 [id=1]	WARNING	o.e.j.s.handler.ContextHandler#setContextPath: Empty contextPath
2025-08-12 20:32:24.422+0000 [id=1]	INFO	org.eclipse.jetty.server.Server#doStart: jetty-10.0.20; built: 2024-01-29T20:46:45.278Z; git: 3a745c71c23682146f262b99f4ddc4c1bc41630c; jvm 21.0.8+9-Ubuntu-0ubuntu124.04.1
2025-08-12 20:32:24.653+0000 [id=1]	INFO	o.e.j.w.StandardDescriptorProcessor#visitServlet: NO JSP Support for /, did not find org.eclipse.jetty.jsp.JettyJspServlet
2025-08-12 20:32:24.696+0000 [id=1]	INFO	o.e.j.s.s.DefaultSessionIdManager#doStart: Session workerName=node0
2025-08-12 20:32:25.021+0000 [id=1]	INFO	hudson.WebAppMain#contextInitialized: Jenkins home directory: /home/lambr/.jenkins found at: $user.home/.jenkins
2025-08-12 20:32:25.145+0000 [id=1]	INFO	o.e.j.s.handler.ContextHandler#doStart: Started w.@7c2312fa{Jenkins v2.440.3,/,file:///home/lambr/.jenkins/war/,AVAILABLE}{/home/lambr/.jenkins/war}
2025-08-12 20:32:25.156+0000 [id=1]	INFO	o.e.j.server.AbstractConnector#doStart: Started ServerConnector@44c73c26{HTTP/1.1, (http/1.1)}{0.0.0.0:8080}
2025-08-12 20:32:25.172+0000 [id=1]	INFO	org.eclipse.jetty.server.Server#doStart: Started Server@6bc407fd{STARTING}[10.0.20,sto=0] @4316ms
2025-08-12 20:32:25.173+0000 [id=56]	INFO	winstone.Logger#logInternal: Winstone Servlet Engine running: controlPort=disabled
2025-08-12 20:32:25.318+0000 [id=65]	INFO	jenkins.InitReactorRunner$1#onAttained: Started initialization
2025-08-12 20:32:25.327+0000 [id=86]	INFO	jenkins.InitReactorRunner$1#onAttained: Listed all plugins
2025-08-12 20:32:25.892+0000 [id=94]	INFO	jenkins.InitReactorRunner$1#onAttained: Prepared all plugins
2025-08-12 20:32:25.896+0000 [id=66]	INFO	jenkins.InitReactorRunner$1#onAttained: Started all plugins
2025-08-12 20:32:25.904+0000 [id=81]	INFO	jenkins.InitReactorRunner$1#onAttained: Augmented all extensions
2025-08-12 20:32:26.025+0000 [id=87]	INFO	jenkins.InitReactorRunner$1#onAttained: System config loaded
2025-08-12 20:32:26.026+0000 [id=93]	INFO	jenkins.InitReactorRunner$1#onAttained: System config adapted
2025-08-12 20:32:26.027+0000 [id=76]	INFO	jenkins.InitReactorRunner$1#onAttained: Loaded all jobs
2025-08-12 20:32:26.029+0000 [id=76]	INFO	jenkins.InitReactorRunner$1#onAttained: Configuration for all jobs updated
2025-08-12 20:32:26.044+0000 [id=107]	INFO	hudson.util.Retrier#start: Attempt #1 to do the action check updates server
2025-08-12 20:32:26.260+0000 [id=84]	INFO	jenkins.install.SetupWizard#init: 

*************************************************************
*************************************************************
*************************************************************

Jenkins initial setup is required. An admin user has been created and a password generated.
Please use the following password to proceed to installation:

cd5d53b22bab48729c230b4ab74cb1ac

This may also be found at: /home/lambr/.jenkins/secrets/initialAdminPassword

*************************************************************
*************************************************************
*************************************************************

2025-08-12 20:32:40.840+0000 [id=90]	INFO	jenkins.InitReactorRunner$1#onAttained: Completed initialization
2025-08-12 20:32:40.859+0000 [id=52]	INFO	hudson.lifecycle.Lifecycle#onReady: Jenkins is fully up and running
2025-08-12 20:32:41.774+0000 [id=107]	INFO	h.m.DownloadService$Downloadable#load: Obtained the updated data file for hudson.tasks.Maven.MavenInstaller
2025-08-12 20:32:41.775+0000 [id=107]	INFO	hudson.util.Retrier#start: Performed the action check updates server successfully at the attempt #1
Running from: /mnt/c/Users/lambr/Documents/spring-boot-hello-world/jenkins.war
webroot: /home/lambr/.jenkins/war
2025-08-12 20:32:44.154+0000 [id=1]	INFO	winstone.Logger#logInternal: Beginning extraction from war file
2025-08-12 20:32:44.235+0000 [id=1]	WARNING	o.e.j.s.handler.ContextHandler#setContextPath: Empty contextPath
2025-08-12 20:32:44.291+0000 [id=1]	INFO	org.eclipse.jetty.server.Server#doStart: jetty-10.0.20; built: 2024-01-29T20:46:45.278Z; git: 3a745c71c23682146f262b99f4ddc4c1bc41630c; jvm 21.0.8+9-Ubuntu-0ubuntu124.04.1
2025-08-12 20:32:44.307+0000 [id=1]	INFO	org.eclipse.jetty.server.Server#doStop: Stopped Server@15761df8{STOPPING}[10.0.20,sto=0]
2025-08-12 20:32:44.308+0000 [id=1]	INFO	winstone.Logger#logInternal: Jetty shutdown successfully
java.io.IOException: Failed to start Jetty
	at winstone.Launcher.<init>(Launcher.java:209)
	at winstone.Launcher.main(Launcher.java:496)
	at java.base/jdk.internal.reflect.DirectMethodHandleAccessor.invoke(DirectMethodHandleAccessor.java:103)
	at java.base/java.lang.reflect.Method.invoke(Method.java:580)
	at executable.Main.main(Main.java:351)
Caused by: java.io.IOException: Failed to bind to 0.0.0.0/0.0.0.0:8080
	at org.eclipse.jetty.server.ServerConnector.openAcceptChannel(ServerConnector.java:344)
	at org.eclipse.jetty.server.ServerConnector.open(ServerConnector.java:304)
	at org.eclipse.jetty.server.Server.lambda$doStart$0(Server.java:402)
	at java.base/java.util.stream.ForEachOps$ForEachOp$OfRef.accept(ForEachOps.java:184)
	at java.base/java.util.stream.ReferencePipeline$3$1.accept(ReferencePipeline.java:197)
	at java.base/java.util.stream.ReferencePipeline$2$1.accept(ReferencePipeline.java:179)
	at java.base/java.util.Spliterators$ArraySpliterator.forEachRemaining(Spliterators.java:1024)
	at java.base/java.util.stream.AbstractPipeline.copyInto(AbstractPipeline.java:509)
	at java.base/java.util.stream.AbstractPipeline.wrapAndCopyInto(AbstractPipeline.java:499)
	at java.base/java.util.stream.ForEachOps$ForEachOp.evaluateSequential(ForEachOps.java:151)
	at java.base/java.util.stream.ForEachOps$ForEachOp$OfRef.evaluateSequential(ForEachOps.java:174)
	at java.base/java.util.stream.AbstractPipeline.evaluate(AbstractPipeline.java:234)
	at java.base/java.util.stream.ReferencePipeline.forEach(ReferencePipeline.java:596)
	at org.eclipse.jetty.server.Server.doStart(Server.java:398)
	at org.eclipse.jetty.util.component.AbstractLifeCycle.start(AbstractLifeCycle.java:93)
	at winstone.Launcher.<init>(Launcher.java:205)
	... 4 more
Caused by: java.net.BindException: Address already in use
	at java.base/sun.nio.ch.Net.bind0(Native Method)
	at java.base/sun.nio.ch.Net.bind(Net.java:565)
	at java.base/sun.nio.ch.ServerSocketChannelImpl.netBind(ServerSocketChannelImpl.java:344)
	at java.base/sun.nio.ch.ServerSocketChannelImpl.bind(ServerSocketChannelImpl.java:301)
	at org.eclipse.jetty.server.ServerConnector.openAcceptChannel(ServerConnector.java:339)
	... 19 more
2025-08-12 20:32:44.316+0000 [id=1]	SEVERE	winstone.Logger#logInternal: Container startup failed
java.net.BindException: Address already in use
	at java.base/sun.nio.ch.Net.bind0(Native Method)
	at java.base/sun.nio.ch.Net.bind(Net.java:565)
	at java.base/sun.nio.ch.ServerSocketChannelImpl.netBind(ServerSocketChannelImpl.java:344)
	at java.base/sun.nio.ch.ServerSocketChannelImpl.bind(ServerSocketChannelImpl.java:301)
	at org.eclipse.jetty.server.ServerConnector.openAcceptChannel(ServerConnector.java:339)
Caused: java.io.IOException: Failed to bind to 0.0.0.0/0.0.0.0:8080
	at org.eclipse.jetty.server.ServerConnector.openAcceptChannel(ServerConnector.java:344)
	at org.eclipse.jetty.server.ServerConnector.open(ServerConnector.java:304)
	at org.eclipse.jetty.server.Server.lambda$doStart$0(Server.java:402)
	at java.base/java.util.stream.ForEachOps$ForEachOp$OfRef.accept(ForEachOps.java:184)
	at java.base/java.util.stream.ReferencePipeline$3$1.accept(ReferencePipeline.java:197)
	at java.base/java.util.stream.ReferencePipeline$2$1.accept(ReferencePipeline.java:179)
	at java.base/java.util.Spliterators$ArraySpliterator.forEachRemaining(Spliterators.java:1024)
	at java.base/java.util.stream.AbstractPipeline.copyInto(AbstractPipeline.java:509)
	at java.base/java.util.stream.AbstractPipeline.wrapAndCopyInto(AbstractPipeline.java:499)
	at java.base/java.util.stream.ForEachOps$ForEachOp.evaluateSequential(ForEachOps.java:151)
	at java.base/java.util.stream.ForEachOps$ForEachOp$OfRef.evaluateSequential(ForEachOps.java:174)
	at java.base/java.util.stream.AbstractPipeline.evaluate(AbstractPipeline.java:234)
	at java.base/java.util.stream.ReferencePipeline.forEach(ReferencePipeline.java:596)
	at org.eclipse.jetty.server.Server.doStart(Server.java:398)
	at org.eclipse.jetty.util.component.AbstractLifeCycle.start(AbstractLifeCycle.java:93)
	at winstone.Launcher.<init>(Launcher.java:205)
Caused: java.io.IOException: Failed to start Jetty
	at winstone.Launcher.<init>(Launcher.java:209)
	at winstone.Launcher.main(Launcher.java:496)
	at java.base/jdk.internal.reflect.DirectMethodHandleAccessor.invoke(DirectMethodHandleAccessor.java:103)
	at java.base/java.lang.reflect.Method.invoke(Method.java:580)
	at executable.Main.main(Main.java:351)
Running from: /mnt/c/Users/lambr/Documents/spring-boot-hello-world/jenkins.war
webroot: /home/lambr/.jenkins/war
2025-08-12 20:34:11.052+0000 [id=1]	INFO	winstone.Logger#logInternal: Beginning extraction from war file
2025-08-12 20:34:11.129+0000 [id=1]	WARNING	o.e.j.s.handler.ContextHandler#setContextPath: Empty contextPath
2025-08-12 20:34:11.183+0000 [id=1]	INFO	org.eclipse.jetty.server.Server#doStart: jetty-10.0.20; built: 2024-01-29T20:46:45.278Z; git: 3a745c71c23682146f262b99f4ddc4c1bc41630c; jvm 21.0.8+9-Ubuntu-0ubuntu124.04.1
2025-08-12 20:34:11.200+0000 [id=1]	INFO	org.eclipse.jetty.server.Server#doStop: Stopped Server@15761df8{STOPPING}[10.0.20,sto=0]
2025-08-12 20:34:11.200+0000 [id=1]	INFO	winstone.Logger#logInternal: Jetty shutdown successfully
java.io.IOException: Failed to start Jetty
	at winstone.Launcher.<init>(Launcher.java:209)
	at winstone.Launcher.main(Launcher.java:496)
	at java.base/jdk.internal.reflect.DirectMethodHandleAccessor.invoke(DirectMethodHandleAccessor.java:103)
	at java.base/java.lang.reflect.Method.invoke(Method.java:580)
	at executable.Main.main(Main.java:351)
Caused by: java.io.IOException: Failed to bind to 0.0.0.0/0.0.0.0:8080
	at org.eclipse.jetty.server.ServerConnector.openAcceptChannel(ServerConnector.java:344)
	at org.eclipse.jetty.server.ServerConnector.open(ServerConnector.java:304)
	at org.eclipse.jetty.server.Server.lambda$doStart$0(Server.java:402)
	at java.base/java.util.stream.ForEachOps$ForEachOp$OfRef.accept(ForEachOps.java:184)
	at java.base/java.util.stream.ReferencePipeline$3$1.accept(ReferencePipeline.java:197)
	at java.base/java.util.stream.ReferencePipeline$2$1.accept(ReferencePipeline.java:179)
	at java.base/java.util.Spliterators$ArraySpliterator.forEachRemaining(Spliterators.java:1024)
	at java.base/java.util.stream.AbstractPipeline.copyInto(AbstractPipeline.java:509)
	at java.base/java.util.stream.AbstractPipeline.wrapAndCopyInto(AbstractPipeline.java:499)
	at java.base/java.util.stream.ForEachOps$ForEachOp.evaluateSequential(ForEachOps.java:151)
	at java.base/java.util.stream.ForEachOps$ForEachOp$OfRef.evaluateSequential(ForEachOps.java:174)
	at java.base/java.util.stream.AbstractPipeline.evaluate(AbstractPipeline.java:234)
	at java.base/java.util.stream.ReferencePipeline.forEach(ReferencePipeline.java:596)
	at org.eclipse.jetty.server.Server.doStart(Server.java:398)
	at org.eclipse.jetty.util.component.AbstractLifeCycle.start(AbstractLifeCycle.java:93)
	at winstone.Launcher.<init>(Launcher.java:205)
	... 4 more
Caused by: java.net.BindException: Address already in use
	at java.base/sun.nio.ch.Net.bind0(Native Method)
	at java.base/sun.nio.ch.Net.bind(Net.java:565)
	at java.base/sun.nio.ch.ServerSocketChannelImpl.netBind(ServerSocketChannelImpl.java:344)
	at java.base/sun.nio.ch.ServerSocketChannelImpl.bind(ServerSocketChannelImpl.java:301)
	at org.eclipse.jetty.server.ServerConnector.openAcceptChannel(ServerConnector.java:339)
	... 19 more
2025-08-12 20:34:11.207+0000 [id=1]	SEVERE	winstone.Logger#logInternal: Container startup failed
java.net.BindException: Address already in use
	at java.base/sun.nio.ch.Net.bind0(Native Method)
	at java.base/sun.nio.ch.Net.bind(Net.java:565)
	at java.base/sun.nio.ch.ServerSocketChannelImpl.netBind(ServerSocketChannelImpl.java:344)
	at java.base/sun.nio.ch.ServerSocketChannelImpl.bind(ServerSocketChannelImpl.java:301)
	at org.eclipse.jetty.server.ServerConnector.openAcceptChannel(ServerConnector.java:339)
Caused: java.io.IOException: Failed to bind to 0.0.0.0/0.0.0.0:8080
	at org.eclipse.jetty.server.ServerConnector.openAcceptChannel(ServerConnector.java:344)
	at org.eclipse.jetty.server.ServerConnector.open(ServerConnector.java:304)
	at org.eclipse.jetty.server.Server.lambda$doStart$0(Server.java:402)
	at java.base/java.util.stream.ForEachOps$ForEachOp$OfRef.accept(ForEachOps.java:184)
	at java.base/java.util.stream.ReferencePipeline$3$1.accept(ReferencePipeline.java:197)
	at java.base/java.util.stream.ReferencePipeline$2$1.accept(ReferencePipeline.java:179)
	at java.base/java.util.Spliterators$ArraySpliterator.forEachRemaining(Spliterators.java:1024)
	at java.base/java.util.stream.AbstractPipeline.copyInto(AbstractPipeline.java:509)
	at java.base/java.util.stream.AbstractPipeline.wrapAndCopyInto(AbstractPipeline.java:499)
	at java.base/java.util.stream.ForEachOps$ForEachOp.evaluateSequential(ForEachOps.java:151)
	at java.base/java.util.stream.ForEachOps$ForEachOp$OfRef.evaluateSequential(ForEachOps.java:174)
	at java.base/java.util.stream.AbstractPipeline.evaluate(AbstractPipeline.java:234)
	at java.base/java.util.stream.ReferencePipeline.forEach(ReferencePipeline.java:596)
	at org.eclipse.jetty.server.Server.doStart(Server.java:398)
	at org.eclipse.jetty.util.component.AbstractLifeCycle.start(AbstractLifeCycle.java:93)
	at winstone.Launcher.<init>(Launcher.java:205)
Caused: java.io.IOException: Failed to start Jetty
	at winstone.Launcher.<init>(Launcher.java:209)
	at winstone.Launcher.main(Launcher.java:496)
	at java.base/jdk.internal.reflect.DirectMethodHandleAccessor.invoke(DirectMethodHandleAccessor.java:103)
	at java.base/java.lang.reflect.Method.invoke(Method.java:580)
	at executable.Main.main(Main.java:351)
2025-08-12 20:38:13.213+0000 [id=57]	INFO	winstone.Logger#logInternal: JVM is terminating. Shutting down Jetty
2025-08-12 20:38:13.214+0000 [id=57]	INFO	org.eclipse.jetty.server.Server#doStop: Stopped Server@6bc407fd{STOPPING}[10.0.20,sto=0]
2025-08-12 20:38:13.219+0000 [id=57]	INFO	o.e.j.server.AbstractConnector#doStop: Stopped ServerConnector@44c73c26{HTTP/1.1, (http/1.1)}{0.0.0.0:8080}
2025-08-12 20:38:13.221+0000 [id=57]	INFO	hudson.lifecycle.Lifecycle#onStatusUpdate: Stopping Jenkins
2025-08-12 20:38:13.225+0000 [id=57]	INFO	jenkins.model.Jenkins$16#onAttained: Started termination
2025-08-12 20:38:13.236+0000 [id=57]	INFO	jenkins.model.Jenkins$16#onAttained: Completed termination
2025-08-12 20:38:13.237+0000 [id=57]	INFO	jenkins.model.Jenkins#_cleanUpDisconnectComputers: Starting node disconnection
2025-08-12 20:38:13.241+0000 [id=57]	INFO	jenkins.model.Jenkins#_cleanUpShutdownPluginManager: Stopping plugin manager
2025-08-12 20:38:13.242+0000 [id=57]	INFO	jenkins.model.Jenkins#_cleanUpPersistQueue: Persisting build queue
2025-08-12 20:38:13.253+0000 [id=57]	INFO	jenkins.model.Jenkins#_cleanUpAwaitDisconnects: Waiting for node disconnection completion
2025-08-12 20:38:13.254+0000 [id=57]	INFO	hudson.lifecycle.Lifecycle#onStatusUpdate: Jenkins stopped
2025-08-12 20:38:13.258+0000 [id=57]	INFO	o.e.j.s.handler.ContextHandler#doStop: Stopped w.@7c2312fa{Jenkins v2.440.3,/,null,STOPPED}{/home/lambr/.jenkins/war}
Running from: /mnt/c/Users/lambr/Documents/spring-boot-hello-world/jenkins.war
webroot: /home/lambr/.jenkins/war
2025-08-12 20:39:07.684+0000 [id=1]	INFO	winstone.Logger#logInternal: Beginning extraction from war file
2025-08-12 20:39:07.770+0000 [id=1]	WARNING	o.e.j.s.handler.ContextHandler#setContextPath: Empty contextPath
2025-08-12 20:39:07.833+0000 [id=1]	INFO	org.eclipse.jetty.server.Server#doStart: jetty-10.0.20; built: 2024-01-29T20:46:45.278Z; git: 3a745c71c23682146f262b99f4ddc4c1bc41630c; jvm 21.0.8+9-Ubuntu-0ubuntu124.04.1
2025-08-12 20:39:08.190+0000 [id=1]	INFO	o.e.j.w.StandardDescriptorProcessor#visitServlet: NO JSP Support for /, did not find org.eclipse.jetty.jsp.JettyJspServlet
2025-08-12 20:39:08.236+0000 [id=1]	INFO	o.e.j.s.s.DefaultSessionIdManager#doStart: Session workerName=node0
2025-08-12 20:39:08.690+0000 [id=1]	INFO	hudson.WebAppMain#contextInitialized: Jenkins home directory: /home/lambr/.jenkins found at: $user.home/.jenkins
2025-08-12 20:39:08.814+0000 [id=1]	INFO	o.e.j.s.handler.ContextHandler#doStart: Started w.@6d1310f6{Jenkins v2.440.3,/,file:///home/lambr/.jenkins/war/,AVAILABLE}{/home/lambr/.jenkins/war}
2025-08-12 20:39:08.824+0000 [id=1]	INFO	o.e.j.server.AbstractConnector#doStart: Started ServerConnector@75f9eccc{HTTP/1.1, (http/1.1)}{0.0.0.0:8080}
2025-08-12 20:39:08.839+0000 [id=1]	INFO	org.eclipse.jetty.server.Server#doStart: Started Server@15761df8{STARTING}[10.0.20,sto=0] @1669ms
2025-08-12 20:39:08.840+0000 [id=47]	INFO	winstone.Logger#logInternal: Winstone Servlet Engine running: controlPort=disabled
2025-08-12 20:39:09.043+0000 [id=64]	INFO	jenkins.InitReactorRunner$1#onAttained: Started initialization
2025-08-12 20:39:09.098+0000 [id=84]	INFO	jenkins.InitReactorRunner$1#onAttained: Listed all plugins
2025-08-12 20:39:09.742+0000 [id=93]	INFO	jenkins.InitReactorRunner$1#onAttained: Prepared all plugins
2025-08-12 20:39:09.746+0000 [id=64]	INFO	jenkins.InitReactorRunner$1#onAttained: Started all plugins
2025-08-12 20:39:09.750+0000 [id=71]	INFO	jenkins.InitReactorRunner$1#onAttained: Augmented all extensions
2025-08-12 20:39:09.936+0000 [id=86]	INFO	jenkins.InitReactorRunner$1#onAttained: System config loaded
2025-08-12 20:39:09.937+0000 [id=90]	INFO	jenkins.InitReactorRunner$1#onAttained: System config adapted
2025-08-12 20:39:09.937+0000 [id=90]	INFO	jenkins.InitReactorRunner$1#onAttained: Loaded all jobs
2025-08-12 20:39:09.939+0000 [id=62]	INFO	jenkins.InitReactorRunner$1#onAttained: Configuration for all jobs updated
2025-08-12 20:39:09.978+0000 [id=77]	INFO	jenkins.install.SetupWizard#init: 

*************************************************************
*************************************************************
*************************************************************

Jenkins initial setup is required. An admin user has been created and a password generated.
Please use the following password to proceed to installation:

cd5d53b22bab48729c230b4ab74cb1ac

This may also be found at: /home/lambr/.jenkins/secrets/initialAdminPassword

*************************************************************
*************************************************************
*************************************************************

2025-08-12 20:39:23.934+0000 [id=77]	INFO	jenkins.InitReactorRunner$1#onAttained: Completed initialization
2025-08-12 20:39:23.966+0000 [id=44]	INFO	hudson.lifecycle.Lifecycle#onReady: Jenkins is fully up and running
2025-08-12 20:42:07.690+0000 [id=48]	INFO	winstone.Logger#logInternal: JVM is terminating. Shutting down Jetty
2025-08-12 20:42:07.691+0000 [id=48]	INFO	org.eclipse.jetty.server.Server#doStop: Stopped Server@15761df8{STOPPING}[10.0.20,sto=0]
2025-08-12 20:42:07.695+0000 [id=48]	INFO	o.e.j.server.AbstractConnector#doStop: Stopped ServerConnector@75f9eccc{HTTP/1.1, (http/1.1)}{0.0.0.0:8080}
2025-08-12 20:42:07.697+0000 [id=48]	INFO	hudson.lifecycle.Lifecycle#onStatusUpdate: Stopping Jenkins
2025-08-12 20:42:07.700+0000 [id=48]	INFO	jenkins.model.Jenkins$16#onAttained: Started termination
2025-08-12 20:42:07.706+0000 [id=48]	INFO	jenkins.model.Jenkins$16#onAttained: Completed termination
2025-08-12 20:42:07.707+0000 [id=48]	INFO	jenkins.model.Jenkins#_cleanUpDisconnectComputers: Starting node disconnection
2025-08-12 20:42:07.710+0000 [id=48]	INFO	jenkins.model.Jenkins#_cleanUpShutdownPluginManager: Stopping plugin manager
2025-08-12 20:42:07.711+0000 [id=48]	INFO	jenkins.model.Jenkins#_cleanUpPersistQueue: Persisting build queue
2025-08-12 20:42:07.720+0000 [id=48]	INFO	jenkins.model.Jenkins#_cleanUpAwaitDisconnects: Waiting for node disconnection completion
2025-08-12 20:42:07.720+0000 [id=48]	INFO	hudson.lifecycle.Lifecycle#onStatusUpdate: Jenkins stopped
2025-08-12 20:42:07.722+0000 [id=48]	INFO	o.e.j.s.handler.ContextHandler#doStop: Stopped w.@6d1310f6{Jenkins v2.440.3,/,null,STOPPED}{/home/lambr/.jenkins/war}
Running from: /mnt/c/Users/lambr/Documents/spring-boot-hello-world/jenkins.war
webroot: /home/lambr/.jenkins/war
2025-08-12 20:43:19.445+0000 [id=1]	INFO	winstone.Logger#logInternal: Beginning extraction from war file
2025-08-12 20:43:19.541+0000 [id=1]	WARNING	o.e.j.s.handler.ContextHandler#setContextPath: Empty contextPath
2025-08-12 20:43:19.612+0000 [id=1]	INFO	org.eclipse.jetty.server.Server#doStart: jetty-10.0.20; built: 2024-01-29T20:46:45.278Z; git: 3a745c71c23682146f262b99f4ddc4c1bc41630c; jvm 21.0.8+9-Ubuntu-0ubuntu124.04.1
2025-08-12 20:43:19.977+0000 [id=1]	INFO	o.e.j.w.StandardDescriptorProcessor#visitServlet: NO JSP Support for /, did not find org.eclipse.jetty.jsp.JettyJspServlet
2025-08-12 20:43:20.028+0000 [id=1]	INFO	o.e.j.s.s.DefaultSessionIdManager#doStart: Session workerName=node0
2025-08-12 20:43:20.481+0000 [id=1]	INFO	hudson.WebAppMain#contextInitialized: Jenkins home directory: /home/lambr/.jenkins found at: $user.home/.jenkins
2025-08-12 20:43:20.608+0000 [id=1]	INFO	o.e.j.s.handler.ContextHandler#doStart: Started w.@6d1310f6{Jenkins v2.440.3,/,file:///home/lambr/.jenkins/war/,AVAILABLE}{/home/lambr/.jenkins/war}
2025-08-12 20:43:20.618+0000 [id=1]	INFO	o.e.j.server.AbstractConnector#doStart: Started ServerConnector@75f9eccc{HTTP/1.1, (http/1.1)}{0.0.0.0:8080}
2025-08-12 20:43:20.632+0000 [id=1]	INFO	org.eclipse.jetty.server.Server#doStart: Started Server@15761df8{STARTING}[10.0.20,sto=0] @1760ms
2025-08-12 20:43:20.633+0000 [id=47]	INFO	winstone.Logger#logInternal: Winstone Servlet Engine running: controlPort=disabled
2025-08-12 20:43:20.819+0000 [id=64]	INFO	jenkins.InitReactorRunner$1#onAttained: Started initialization
2025-08-12 20:43:20.878+0000 [id=84]	INFO	jenkins.InitReactorRunner$1#onAttained: Listed all plugins
2025-08-12 20:43:21.587+0000 [id=95]	INFO	jenkins.InitReactorRunner$1#onAttained: Prepared all plugins
2025-08-12 20:43:21.591+0000 [id=76]	INFO	jenkins.InitReactorRunner$1#onAttained: Started all plugins
2025-08-12 20:43:21.595+0000 [id=76]	INFO	jenkins.InitReactorRunner$1#onAttained: Augmented all extensions
2025-08-12 20:43:21.802+0000 [id=82]	INFO	jenkins.InitReactorRunner$1#onAttained: System config loaded
2025-08-12 20:43:21.803+0000 [id=90]	INFO	jenkins.InitReactorRunner$1#onAttained: System config adapted
2025-08-12 20:43:21.804+0000 [id=65]	INFO	jenkins.InitReactorRunner$1#onAttained: Loaded all jobs
2025-08-12 20:43:21.806+0000 [id=66]	INFO	jenkins.InitReactorRunner$1#onAttained: Configuration for all jobs updated
2025-08-12 20:43:21.846+0000 [id=78]	INFO	jenkins.install.SetupWizard#init: 

*************************************************************
*************************************************************
*************************************************************

Jenkins initial setup is required. An admin user has been created and a password generated.
Please use the following password to proceed to installation:

cd5d53b22bab48729c230b4ab74cb1ac

This may also be found at: /home/lambr/.jenkins/secrets/initialAdminPassword

*************************************************************
*************************************************************
*************************************************************

2025-08-12 20:43:34.887+0000 [id=78]	INFO	jenkins.InitReactorRunner$1#onAttained: Completed initialization
2025-08-12 20:43:34.911+0000 [id=44]	INFO	hudson.lifecycle.Lifecycle#onReady: Jenkins is fully up and running
2025-08-12 20:44:59.512+0000 [id=111]	INFO	hudson.PluginManager#install: Starting installation of a batch of 20 plugins plus their dependencies
2025-08-12 20:44:59.514+0000 [id=111]	INFO	hudson.model.UpdateSite$Plugin#deploy: Adding dependent install of ionicons-api for plugin cloudbees-folder
2025-08-12 20:44:59.515+0000 [id=143]	INFO	h.model.UpdateCenter$DownloadJob#run: Starting the installation of ionicons-api on behalf of admin
2025-08-12 20:44:59.515+0000 [id=111]	INFO	hudson.model.UpdateSite$Plugin#deploy: Adding dependent install of json-path-api for plugin build-timeout
2025-08-12 20:44:59.516+0000 [id=143]	INFO	h.m.UpdateCenter$UpdateCenterConfiguration#download: Downloading ionicons-api
2025-08-12 20:44:59.516+0000 [id=111]	INFO	hudson.model.UpdateSite$Plugin#deploy: Adding dependent install of asm-api for plugin json-path-api
2025-08-12 20:44:59.517+0000 [id=111]	INFO	hudson.model.UpdateSite$Plugin#deploy: Adding dependent install of token-macro for plugin build-timeout
2025-08-12 20:44:59.518+0000 [id=111]	INFO	hudson.model.UpdateSite$Plugin#deploy: Adding dependent install of structs for plugin token-macro
2025-08-12 20:44:59.519+0000 [id=111]	INFO	hudson.model.UpdateSite$Plugin#deploy: Adding dependent install of workflow-step-api for plugin token-macro
2025-08-12 20:44:59.520+0000 [id=111]	INFO	hudson.model.UpdateSite$Plugin#deploy: Adding dependent install of plain-credentials for plugin credentials-binding
2025-08-12 20:44:59.524+0000 [id=111]	INFO	hudson.model.UpdateSite$Plugin#deploy: Adding dependent install of credentials for plugin plain-credentials
2025-08-12 20:44:59.525+0000 [id=111]	INFO	hudson.model.UpdateSite$Plugin#deploy: Adding dependent install of bouncycastle-api for plugin credentials
2025-08-12 20:44:59.526+0000 [id=111]	INFO	hudson.model.UpdateSite$Plugin#deploy: Adding dependent install of ssh-credentials for plugin credentials-binding
2025-08-12 20:44:59.527+0000 [id=111]	INFO	hudson.model.UpdateSite$Plugin#deploy: Adding dependent install of variant for plugin ssh-credentials
2025-08-12 20:44:59.529+0000 [id=111]	INFO	hudson.model.UpdateSite$Plugin#deploy: Adding dependent install of workflow-api for plugin timestamper
2025-08-12 20:44:59.529+0000 [id=111]	INFO	hudson.model.UpdateSite$Plugin#deploy: Adding dependent install of scm-api for plugin workflow-api
2025-08-12 20:44:59.530+0000 [id=111]	INFO	hudson.model.UpdateSite$Plugin#deploy: Adding dependent install of commons-lang3-api for plugin timestamper
2025-08-12 20:44:59.531+0000 [id=111]	INFO	hudson.model.UpdateSite$Plugin#deploy: Adding dependent install of matrix-project for plugin ws-cleanup
2025-08-12 20:44:59.531+0000 [id=111]	INFO	hudson.model.UpdateSite$Plugin#deploy: Adding dependent install of script-security for plugin matrix-project
2025-08-12 20:44:59.532+0000 [id=111]	INFO	hudson.model.UpdateSite$Plugin#deploy: Adding dependent install of caffeine-api for plugin script-security
2025-08-12 20:44:59.532+0000 [id=111]	INFO	hudson.model.UpdateSite$Plugin#deploy: Adding dependent install of junit for plugin matrix-project
2025-08-12 20:44:59.533+0000 [id=111]	INFO	hudson.model.UpdateSite$Plugin#deploy: Adding dependent install of jackson2-api for plugin junit
2025-08-12 20:44:59.533+0000 [id=111]	INFO	hudson.model.UpdateSite$Plugin#deploy: Adding dependent install of jaxb for plugin jackson2-api
2025-08-12 20:44:59.533+0000 [id=111]	INFO	hudson.model.UpdateSite$Plugin#deploy: Adding dependent install of javax-activation-api for plugin jaxb
2025-08-12 20:44:59.533+0000 [id=111]	INFO	hudson.model.UpdateSite$Plugin#deploy: Adding dependent install of snakeyaml-api for plugin jackson2-api
2025-08-12 20:44:59.534+0000 [id=111]	INFO	hudson.model.UpdateSite$Plugin#deploy: Adding dependent install of json-api for plugin jackson2-api
2025-08-12 20:44:59.534+0000 [id=111]	INFO	hudson.model.UpdateSite$Plugin#deploy: Adding dependent install of bootstrap5-api for plugin junit
2025-08-12 20:44:59.534+0000 [id=111]	INFO	hudson.model.UpdateSite$Plugin#deploy: Adding dependent install of font-awesome-api for plugin bootstrap5-api
2025-08-12 20:44:59.535+0000 [id=111]	INFO	hudson.model.UpdateSite$Plugin#deploy: Adding dependent install of commons-text-api for plugin font-awesome-api
2025-08-12 20:44:59.535+0000 [id=111]	INFO	hudson.model.UpdateSite$Plugin#deploy: Adding dependent install of plugin-util-api for plugin font-awesome-api
2025-08-12 20:44:59.535+0000 [id=111]	INFO	hudson.model.UpdateSite$Plugin#deploy: Adding dependent install of workflow-support for plugin plugin-util-api
2025-08-12 20:44:59.537+0000 [id=111]	INFO	hudson.model.UpdateSite$Plugin#deploy: Adding dependent install of echarts-api for plugin junit
2025-08-12 20:44:59.538+0000 [id=111]	INFO	hudson.model.UpdateSite$Plugin#deploy: Adding dependent install of jquery3-api for plugin echarts-api
2025-08-12 20:44:59.539+0000 [id=111]	INFO	hudson.model.UpdateSite$Plugin#deploy: Adding dependent install of display-url-api for plugin junit
2025-08-12 20:44:59.539+0000 [id=111]	INFO	hudson.model.UpdateSite$Plugin#deploy: Adding dependent install of checks-api for plugin junit
2025-08-12 20:44:59.540+0000 [id=111]	INFO	hudson.model.UpdateSite$Plugin#deploy: Adding dependent install of resource-disposer for plugin ws-cleanup
2025-08-12 20:44:59.541+0000 [id=111]	INFO	hudson.model.UpdateSite$Plugin#deploy: Adding dependent install of okhttp-api for plugin gradle
2025-08-12 20:44:59.541+0000 [id=111]	INFO	hudson.model.UpdateSite$Plugin#deploy: Adding dependent install of workflow-durable-task-step for plugin gradle
2025-08-12 20:44:59.542+0000 [id=111]	INFO	hudson.model.UpdateSite$Plugin#deploy: Adding dependent install of durable-task for plugin workflow-durable-task-step
2025-08-12 20:44:59.542+0000 [id=111]	INFO	hudson.model.UpdateSite$Plugin#deploy: Adding dependent install of workflow-cps for plugin gradle
2025-08-12 20:44:59.543+0000 [id=111]	INFO	hudson.model.UpdateSite$Plugin#deploy: Adding dependent install of workflow-scm-step for plugin workflow-cps
2025-08-12 20:44:59.543+0000 [id=111]	INFO	hudson.model.UpdateSite$Plugin#deploy: Adding dependent install of workflow-job for plugin gradle
2025-08-12 20:44:59.544+0000 [id=111]	INFO	hudson.model.UpdateSite$Plugin#deploy: Adding dependent install of workflow-basic-steps for plugin gradle
2025-08-12 20:44:59.544+0000 [id=111]	INFO	hudson.model.UpdateSite$Plugin#deploy: Adding dependent install of jakarta-mail-api for plugin workflow-basic-steps
2025-08-12 20:44:59.544+0000 [id=111]	INFO	hudson.model.UpdateSite$Plugin#deploy: Adding dependent install of jakarta-activation-api for plugin jakarta-mail-api
2025-08-12 20:44:59.545+0000 [id=111]	INFO	hudson.model.UpdateSite$Plugin#deploy: Adding dependent install of apache-httpcomponents-client-4-api for plugin workflow-basic-steps
2025-08-12 20:44:59.545+0000 [id=111]	INFO	hudson.model.UpdateSite$Plugin#deploy: Adding dependent install of mailer for plugin workflow-basic-steps
2025-08-12 20:44:59.545+0000 [id=111]	INFO	hudson.model.UpdateSite$Plugin#deploy: Adding dependent install of instance-identity for plugin mailer
2025-08-12 20:44:59.546+0000 [id=111]	INFO	hudson.model.UpdateSite$Plugin#deploy: Adding dependent install of pipeline-milestone-step for plugin workflow-aggregator
2025-08-12 20:44:59.546+0000 [id=111]	INFO	hudson.model.UpdateSite$Plugin#deploy: Adding dependent install of pipeline-build-step for plugin workflow-aggregator
2025-08-12 20:44:59.547+0000 [id=111]	INFO	hudson.model.UpdateSite$Plugin#deploy: Adding dependent install of pipeline-groovy-lib for plugin workflow-aggregator
2025-08-12 20:44:59.548+0000 [id=111]	INFO	hudson.model.UpdateSite$Plugin#deploy: Adding dependent install of pipeline-model-definition for plugin workflow-aggregator
2025-08-12 20:44:59.549+0000 [id=111]	INFO	hudson.model.UpdateSite$Plugin#deploy: Adding dependent install of pipeline-model-extensions for plugin pipeline-model-definition
2025-08-12 20:44:59.549+0000 [id=111]	INFO	hudson.model.UpdateSite$Plugin#deploy: Adding dependent install of pipeline-stage-step for plugin pipeline-model-extensions
2025-08-12 20:44:59.550+0000 [id=111]	INFO	hudson.model.UpdateSite$Plugin#deploy: Adding dependent install of pipeline-model-api for plugin pipeline-model-extensions
2025-08-12 20:44:59.550+0000 [id=111]	INFO	hudson.model.UpdateSite$Plugin#deploy: Adding dependent install of joda-time-api for plugin pipeline-model-api
2025-08-12 20:44:59.550+0000 [id=111]	INFO	hudson.model.UpdateSite$Plugin#deploy: Adding dependent install of workflow-multibranch for plugin pipeline-model-definition
2025-08-12 20:44:59.551+0000 [id=111]	INFO	hudson.model.UpdateSite$Plugin#deploy: Adding dependent install of branch-api for plugin workflow-multibranch
2025-08-12 20:44:59.552+0000 [id=111]	INFO	hudson.model.UpdateSite$Plugin#deploy: Adding dependent install of pipeline-stage-tags-metadata for plugin pipeline-model-definition
2025-08-12 20:44:59.552+0000 [id=111]	INFO	hudson.model.UpdateSite$Plugin#deploy: Adding dependent install of pipeline-input-step for plugin pipeline-model-definition
2025-08-12 20:44:59.553+0000 [id=111]	INFO	hudson.model.UpdateSite$Plugin#deploy: Adding dependent install of jjwt-api for plugin github-branch-source
2025-08-12 20:44:59.553+0000 [id=111]	INFO	hudson.model.UpdateSite$Plugin#deploy: Adding dependent install of github-api for plugin github-branch-source
2025-08-12 20:44:59.554+0000 [id=111]	INFO	hudson.model.UpdateSite$Plugin#deploy: Adding dependent install of github for plugin github-branch-source
2025-08-12 20:44:59.554+0000 [id=111]	INFO	hudson.model.UpdateSite$Plugin#deploy: Adding dependent install of git for plugin github
2025-08-12 20:44:59.555+0000 [id=111]	INFO	hudson.model.UpdateSite$Plugin#deploy: Adding dependent install of git-client for plugin git
2025-08-12 20:44:59.556+0000 [id=111]	INFO	hudson.model.UpdateSite$Plugin#deploy: Adding dependent install of mina-sshd-api-core for plugin git-client
2025-08-12 20:44:59.556+0000 [id=111]	INFO	hudson.model.UpdateSite$Plugin#deploy: Adding dependent install of mina-sshd-api-common for plugin mina-sshd-api-core
2025-08-12 20:44:59.557+0000 [id=111]	INFO	hudson.model.UpdateSite$Plugin#deploy: Adding dependent install of gson-api for plugin git-client
2025-08-12 20:44:59.557+0000 [id=111]	INFO	hudson.model.UpdateSite$Plugin#deploy: Adding dependent install of pipeline-rest-api for plugin pipeline-stage-view
2025-08-12 20:44:59.558+0000 [id=111]	INFO	hudson.model.UpdateSite$Plugin#deploy: Adding dependent install of pipeline-graph-analysis for plugin pipeline-rest-api
2025-08-12 20:44:59.559+0000 [id=111]	INFO	hudson.model.UpdateSite$Plugin#deploy: Adding dependent install of trilead-api for plugin ssh-slaves
2025-08-12 20:44:59.560+0000 [id=111]	INFO	hudson.model.UpdateSite$Plugin#deploy: Adding dependent install of eddsa-api for plugin trilead-api
2025-08-12 20:44:59.561+0000 [id=111]	INFO	hudson.model.UpdateSite$Plugin#deploy: Adding dependent install of theme-manager for plugin dark-theme
2025-08-12 20:45:01.243+0000 [id=143]	INFO	h.model.UpdateCenter$DownloadJob#run: Installation successful: ionicons-api
2025-08-12 20:45:01.244+0000 [id=143]	INFO	h.model.UpdateCenter$DownloadJob#run: Starting the installation of cloudbees-folder on behalf of admin
2025-08-12 20:45:01.245+0000 [id=143]	INFO	h.m.UpdateCenter$UpdateCenterConfiguration#download: Downloading cloudbees-folder
2025-08-12 20:45:02.476+0000 [id=143]	SEVERE	h.model.UpdateCenter$DownloadJob#run: Failed to install cloudbees-folder
java.io.IOException: Failed to load: Folders Plugin (cloudbees-folder 6.928.v7c780211d66e)
 - Jenkins (2.444) or higher required
	at hudson.PluginWrapper.resolvePluginDependencies(PluginWrapper.java:988)
	at hudson.PluginManager.dynamicLoad(PluginManager.java:946)
Caused: java.io.IOException: Failed to install cloudbees-folder plugin
	at hudson.PluginManager.dynamicLoad(PluginManager.java:960)
	at hudson.model.UpdateCenter$InstallationJob._run(UpdateCenter.java:2249)
Caused: java.io.IOException: Failed to dynamically deploy this plugin
	at hudson.model.UpdateCenter$InstallationJob._run(UpdateCenter.java:2253)
	at hudson.model.UpdateCenter$DownloadJob.run(UpdateCenter.java:1899)
	at java.base/java.util.concurrent.Executors$RunnableAdapter.call(Executors.java:572)
	at java.base/java.util.concurrent.FutureTask.run(FutureTask.java:317)
	at hudson.remoting.AtmostOneThreadExecutor$Worker.run(AtmostOneThreadExecutor.java:121)
	at java.base/java.lang.Thread.run(Thread.java:1583)
2025-08-12 20:45:02.477+0000 [id=143]	INFO	h.model.UpdateCenter$DownloadJob#run: Starting the installation of antisamy-markup-formatter on behalf of admin
2025-08-12 20:45:02.478+0000 [id=143]	INFO	h.m.UpdateCenter$UpdateCenterConfiguration#download: Downloading antisamy-markup-formatter
2025-08-12 20:45:03.746+0000 [id=143]	INFO	h.model.UpdateCenter$DownloadJob#run: Installation successful: antisamy-markup-formatter
2025-08-12 20:45:03.747+0000 [id=143]	INFO	h.model.UpdateCenter$DownloadJob#run: Starting the installation of asm-api on behalf of admin
2025-08-12 20:45:03.747+0000 [id=143]	INFO	h.m.UpdateCenter$UpdateCenterConfiguration#download: Downloading asm-api
2025-08-12 20:45:04.946+0000 [id=143]	INFO	h.model.UpdateCenter$DownloadJob#run: Installation successful: asm-api
2025-08-12 20:45:04.947+0000 [id=143]	INFO	h.model.UpdateCenter$DownloadJob#run: Starting the installation of json-path-api on behalf of admin
2025-08-12 20:45:04.947+0000 [id=143]	INFO	h.m.UpdateCenter$UpdateCenterConfiguration#download: Downloading json-path-api
2025-08-12 20:45:06.229+0000 [id=143]	INFO	h.model.UpdateCenter$DownloadJob#run: Installation successful: json-path-api
2025-08-12 20:45:06.230+0000 [id=143]	INFO	h.model.UpdateCenter$DownloadJob#run: Starting the installation of structs on behalf of admin
2025-08-12 20:45:06.230+0000 [id=143]	INFO	h.m.UpdateCenter$UpdateCenterConfiguration#download: Downloading structs
2025-08-12 20:45:07.121+0000 [id=143]	INFO	h.model.UpdateCenter$DownloadJob#run: Installation successful: structs
2025-08-12 20:45:07.121+0000 [id=143]	INFO	h.model.UpdateCenter$DownloadJob#run: Starting the installation of workflow-step-api on behalf of admin
2025-08-12 20:45:07.122+0000 [id=143]	INFO	h.m.UpdateCenter$UpdateCenterConfiguration#download: Downloading workflow-step-api
2025-08-12 20:45:08.433+0000 [id=143]	INFO	h.model.UpdateCenter$DownloadJob#run: Installation successful: workflow-step-api
2025-08-12 20:45:08.433+0000 [id=143]	INFO	h.model.UpdateCenter$DownloadJob#run: Starting the installation of token-macro on behalf of admin
2025-08-12 20:45:08.434+0000 [id=143]	INFO	h.m.UpdateCenter$UpdateCenterConfiguration#download: Downloading token-macro
2025-08-12 20:45:09.562+0000 [id=143]	INFO	h.model.UpdateCenter$DownloadJob#run: Installation successful: token-macro
2025-08-12 20:45:09.562+0000 [id=143]	INFO	h.model.UpdateCenter$DownloadJob#run: Starting the installation of build-timeout on behalf of admin
2025-08-12 20:45:09.563+0000 [id=143]	INFO	h.m.UpdateCenter$UpdateCenterConfiguration#download: Downloading build-timeout
2025-08-12 20:45:10.549+0000 [id=143]	INFO	h.model.UpdateCenter$DownloadJob#run: Installation successful: build-timeout
2025-08-12 20:45:10.550+0000 [id=143]	INFO	h.model.UpdateCenter$DownloadJob#run: Starting the installation of bouncycastle-api on behalf of admin
2025-08-12 20:45:10.550+0000 [id=143]	INFO	h.m.UpdateCenter$UpdateCenterConfiguration#download: Downloading bouncycastle-api
2025-08-12 20:45:22.849+0000 [id=143]	INFO	h.model.UpdateCenter$DownloadJob#run: Installation successful: bouncycastle-api
2025-08-12 20:45:22.850+0000 [id=143]	INFO	h.model.UpdateCenter$DownloadJob#run: Starting the installation of credentials on behalf of admin
2025-08-12 20:45:22.854+0000 [id=143]	INFO	h.m.UpdateCenter$UpdateCenterConfiguration#download: Downloading credentials
2025-08-12 20:45:24.417+0000 [id=143]	INFO	h.model.UpdateCenter$DownloadJob#run: Installation successful: credentials
2025-08-12 20:45:24.417+0000 [id=143]	INFO	h.model.UpdateCenter$DownloadJob#run: Starting the installation of plain-credentials on behalf of admin
2025-08-12 20:45:24.418+0000 [id=143]	INFO	h.m.UpdateCenter$UpdateCenterConfiguration#download: Downloading plain-credentials
2025-08-12 20:45:25.402+0000 [id=143]	INFO	h.model.UpdateCenter$DownloadJob#run: Installation successful: plain-credentials
2025-08-12 20:45:25.403+0000 [id=143]	INFO	h.model.UpdateCenter$DownloadJob#run: Starting the installation of variant on behalf of admin
2025-08-12 20:45:25.406+0000 [id=143]	INFO	h.m.UpdateCenter$UpdateCenterConfiguration#download: Downloading variant
2025-08-12 20:45:26.251+0000 [id=143]	INFO	h.model.UpdateCenter$DownloadJob#run: Installation successful: variant
2025-08-12 20:45:26.251+0000 [id=143]	INFO	h.model.UpdateCenter$DownloadJob#run: Starting the installation of ssh-credentials on behalf of admin
2025-08-12 20:45:26.252+0000 [id=143]	INFO	h.m.UpdateCenter$UpdateCenterConfiguration#download: Downloading ssh-credentials
2025-08-12 20:45:27.207+0000 [id=143]	INFO	h.model.UpdateCenter$DownloadJob#run: Installation successful: ssh-credentials
2025-08-12 20:45:27.209+0000 [id=143]	INFO	h.model.UpdateCenter$DownloadJob#run: Starting the installation of credentials-binding on behalf of admin
2025-08-12 20:45:27.209+0000 [id=143]	INFO	h.m.UpdateCenter$UpdateCenterConfiguration#download: Downloading credentials-binding
2025-08-12 20:45:28.188+0000 [id=143]	INFO	h.model.UpdateCenter$DownloadJob#run: Installation successful: credentials-binding
2025-08-12 20:45:28.188+0000 [id=143]	INFO	h.model.UpdateCenter$DownloadJob#run: Starting the installation of scm-api on behalf of admin
2025-08-12 20:45:28.189+0000 [id=143]	INFO	h.m.UpdateCenter$UpdateCenterConfiguration#download: Downloading scm-api
2025-08-12 20:45:29.422+0000 [id=143]	INFO	h.model.UpdateCenter$DownloadJob#run: Installation successful: scm-api
2025-08-12 20:45:29.423+0000 [id=143]	INFO	h.model.UpdateCenter$DownloadJob#run: Starting the installation of workflow-api on behalf of admin
2025-08-12 20:45:29.424+0000 [id=143]	INFO	h.m.UpdateCenter$UpdateCenterConfiguration#download: Downloading workflow-api
2025-08-12 20:45:30.639+0000 [id=143]	INFO	h.model.UpdateCenter$DownloadJob#run: Installation successful: workflow-api
2025-08-12 20:45:30.640+0000 [id=143]	INFO	h.model.UpdateCenter$DownloadJob#run: Starting the installation of commons-lang3-api on behalf of admin
2025-08-12 20:45:30.641+0000 [id=143]	INFO	h.m.UpdateCenter$UpdateCenterConfiguration#download: Downloading commons-lang3-api
2025-08-12 20:45:32.503+0000 [id=143]	INFO	h.model.UpdateCenter$DownloadJob#run: Installation successful: commons-lang3-api
2025-08-12 20:45:32.504+0000 [id=143]	INFO	h.model.UpdateCenter$DownloadJob#run: Starting the installation of timestamper on behalf of admin
2025-08-12 20:45:32.504+0000 [id=143]	INFO	h.m.UpdateCenter$UpdateCenterConfiguration#download: Downloading timestamper
2025-08-12 20:45:33.505+0000 [id=143]	INFO	h.model.UpdateCenter$DownloadJob#run: Installation successful: timestamper
2025-08-12 20:45:33.505+0000 [id=143]	INFO	h.model.UpdateCenter$DownloadJob#run: Starting the installation of caffeine-api on behalf of admin
2025-08-12 20:45:33.506+0000 [id=143]	INFO	h.m.UpdateCenter$UpdateCenterConfiguration#download: Downloading caffeine-api
2025-08-12 20:45:35.389+0000 [id=143]	INFO	h.model.UpdateCenter$DownloadJob#run: Installation successful: caffeine-api
2025-08-12 20:45:35.390+0000 [id=143]	INFO	h.model.UpdateCenter$DownloadJob#run: Starting the installation of script-security on behalf of admin
2025-08-12 20:45:35.390+0000 [id=143]	INFO	h.m.UpdateCenter$UpdateCenterConfiguration#download: Downloading script-security
2025-08-12 20:45:36.542+0000 [id=143]	INFO	h.model.UpdateCenter$DownloadJob#run: Installation successful: script-security
2025-08-12 20:45:36.543+0000 [id=143]	INFO	h.model.UpdateCenter$DownloadJob#run: Starting the installation of javax-activation-api on behalf of admin
2025-08-12 20:45:36.543+0000 [id=143]	INFO	h.m.UpdateCenter$UpdateCenterConfiguration#download: Downloading javax-activation-api
2025-08-12 20:45:37.491+0000 [id=143]	INFO	h.model.UpdateCenter$DownloadJob#run: Installation successful: javax-activation-api
2025-08-12 20:45:37.492+0000 [id=143]	INFO	h.model.UpdateCenter$DownloadJob#run: Starting the installation of jaxb on behalf of admin
2025-08-12 20:45:37.492+0000 [id=143]	INFO	h.m.UpdateCenter$UpdateCenterConfiguration#download: Downloading jaxb
2025-08-12 20:45:39.795+0000 [id=143]	INFO	h.model.UpdateCenter$DownloadJob#run: Installation successful: jaxb
2025-08-12 20:45:39.796+0000 [id=143]	INFO	h.model.UpdateCenter$DownloadJob#run: Starting the installation of snakeyaml-api on behalf of admin
2025-08-12 20:45:39.796+0000 [id=143]	INFO	h.m.UpdateCenter$UpdateCenterConfiguration#download: Downloading snakeyaml-api
2025-08-12 20:45:41.687+0000 [id=143]	INFO	h.model.UpdateCenter$DownloadJob#run: Installation successful: snakeyaml-api
2025-08-12 20:45:41.688+0000 [id=143]	INFO	h.model.UpdateCenter$DownloadJob#run: Starting the installation of json-api on behalf of admin
2025-08-12 20:45:41.688+0000 [id=143]	INFO	h.m.UpdateCenter$UpdateCenterConfiguration#download: Downloading json-api
2025-08-12 20:45:42.712+0000 [id=143]	INFO	h.model.UpdateCenter$DownloadJob#run: Installation successful: json-api
2025-08-12 20:45:42.713+0000 [id=143]	INFO	h.model.UpdateCenter$DownloadJob#run: Starting the installation of jackson2-api on behalf of admin
2025-08-12 20:45:42.713+0000 [id=143]	INFO	h.m.UpdateCenter$UpdateCenterConfiguration#download: Downloading jackson2-api
2025-08-12 20:45:48.393+0000 [id=143]	INFO	h.model.UpdateCenter$DownloadJob#run: Installation successful: jackson2-api
2025-08-12 20:45:48.393+0000 [id=143]	INFO	h.model.UpdateCenter$DownloadJob#run: Starting the installation of commons-text-api on behalf of admin
2025-08-12 20:45:48.394+0000 [id=143]	INFO	h.m.UpdateCenter$UpdateCenterConfiguration#download: Downloading commons-text-api
2025-08-12 20:45:50.379+0000 [id=143]	INFO	h.model.UpdateCenter$DownloadJob#run: Installation successful: commons-text-api
2025-08-12 20:45:50.380+0000 [id=143]	INFO	h.model.UpdateCenter$DownloadJob#run: Starting the installation of workflow-support on behalf of admin
2025-08-12 20:45:50.380+0000 [id=143]	INFO	h.m.UpdateCenter$UpdateCenterConfiguration#download: Downloading workflow-support
2025-08-12 20:45:51.706+0000 [id=143]	INFO	h.model.UpdateCenter$DownloadJob#run: Installation successful: workflow-support
2025-08-12 20:45:51.707+0000 [id=143]	INFO	h.model.UpdateCenter$DownloadJob#run: Starting the installation of plugin-util-api on behalf of admin
2025-08-12 20:45:51.708+0000 [id=143]	INFO	h.m.UpdateCenter$UpdateCenterConfiguration#download: Downloading plugin-util-api
2025-08-12 20:45:53.065+0000 [id=143]	INFO	h.model.UpdateCenter$DownloadJob#run: Installation successful: plugin-util-api
2025-08-12 20:45:53.066+0000 [id=143]	INFO	h.model.UpdateCenter$DownloadJob#run: Starting the installation of font-awesome-api on behalf of admin
2025-08-12 20:45:53.066+0000 [id=143]	INFO	h.m.UpdateCenter$UpdateCenterConfiguration#download: Downloading font-awesome-api
2025-08-12 20:45:55.092+0000 [id=143]	INFO	h.model.UpdateCenter$DownloadJob#run: Installation successful: font-awesome-api
2025-08-12 20:45:55.093+0000 [id=143]	INFO	h.model.UpdateCenter$DownloadJob#run: Starting the installation of bootstrap5-api on behalf of admin
2025-08-12 20:45:55.093+0000 [id=143]	INFO	h.m.UpdateCenter$UpdateCenterConfiguration#download: Downloading bootstrap5-api
2025-08-12 20:45:57.073+0000 [id=143]	INFO	h.model.UpdateCenter$DownloadJob#run: Installation successful: bootstrap5-api
2025-08-12 20:45:57.073+0000 [id=143]	INFO	h.model.UpdateCenter$DownloadJob#run: Starting the installation of jquery3-api on behalf of admin
2025-08-12 20:45:57.074+0000 [id=143]	INFO	h.m.UpdateCenter$UpdateCenterConfiguration#download: Downloading jquery3-api
2025-08-12 20:45:58.313+0000 [id=143]	INFO	h.model.UpdateCenter$DownloadJob#run: Installation successful: jquery3-api
2025-08-12 20:45:58.313+0000 [id=143]	INFO	h.model.UpdateCenter$DownloadJob#run: Starting the installation of echarts-api on behalf of admin
2025-08-12 20:45:58.314+0000 [id=143]	INFO	h.m.UpdateCenter$UpdateCenterConfiguration#download: Downloading echarts-api
2025-08-12 20:46:14.118+0000 [id=143]	INFO	h.model.UpdateCenter$DownloadJob#run: Installation successful: echarts-api
2025-08-12 20:46:14.119+0000 [id=143]	INFO	h.model.UpdateCenter$DownloadJob#run: Starting the installation of display-url-api on behalf of admin
2025-08-12 20:46:14.119+0000 [id=143]	INFO	h.m.UpdateCenter$UpdateCenterConfiguration#download: Downloading display-url-api
2025-08-12 20:46:15.113+0000 [id=143]	INFO	h.model.UpdateCenter$DownloadJob#run: Installation successful: display-url-api
2025-08-12 20:46:15.113+0000 [id=143]	INFO	h.model.UpdateCenter$DownloadJob#run: Starting the installation of checks-api on behalf of admin
2025-08-12 20:46:15.114+0000 [id=143]	INFO	h.m.UpdateCenter$UpdateCenterConfiguration#download: Downloading checks-api
2025-08-12 20:46:16.056+0000 [id=143]	INFO	h.model.UpdateCenter$DownloadJob#run: Installation successful: checks-api
2025-08-12 20:46:16.057+0000 [id=143]	INFO	h.model.UpdateCenter$DownloadJob#run: Starting the installation of junit on behalf of admin
2025-08-12 20:46:16.058+0000 [id=143]	INFO	h.m.UpdateCenter$UpdateCenterConfiguration#download: Downloading junit
2025-08-12 20:46:17.455+0000 [id=143]	INFO	h.model.UpdateCenter$DownloadJob#run: Installation successful: junit
2025-08-12 20:46:17.455+0000 [id=143]	INFO	h.model.UpdateCenter$DownloadJob#run: Starting the installation of matrix-project on behalf of admin
2025-08-12 20:46:17.455+0000 [id=143]	INFO	h.m.UpdateCenter$UpdateCenterConfiguration#download: Downloading matrix-project
2025-08-12 20:46:18.777+0000 [id=143]	INFO	h.model.UpdateCenter$DownloadJob#run: Installation successful: matrix-project
2025-08-12 20:46:18.778+0000 [id=143]	INFO	h.model.UpdateCenter$DownloadJob#run: Starting the installation of resource-disposer on behalf of admin
2025-08-12 20:46:18.779+0000 [id=143]	INFO	h.m.UpdateCenter$UpdateCenterConfiguration#download: Downloading resource-disposer
2025-08-12 20:46:19.670+0000 [id=143]	INFO	h.model.UpdateCenter$DownloadJob#run: Installation successful: resource-disposer
2025-08-12 20:46:19.670+0000 [id=143]	INFO	h.model.UpdateCenter$DownloadJob#run: Starting the installation of ws-cleanup on behalf of admin
2025-08-12 20:46:19.671+0000 [id=143]	INFO	h.m.UpdateCenter$UpdateCenterConfiguration#download: Downloading ws-cleanup
2025-08-12 20:46:20.605+0000 [id=143]	INFO	h.model.UpdateCenter$DownloadJob#run: Installation successful: ws-cleanup
2025-08-12 20:46:20.606+0000 [id=143]	INFO	h.model.UpdateCenter$DownloadJob#run: Starting the installation of ant on behalf of admin
2025-08-12 20:46:20.607+0000 [id=143]	INFO	h.m.UpdateCenter$UpdateCenterConfiguration#download: Downloading ant
2025-08-12 20:46:21.554+0000 [id=143]	INFO	h.model.UpdateCenter$DownloadJob#run: Installation successful: ant
2025-08-12 20:46:21.555+0000 [id=143]	INFO	h.model.UpdateCenter$DownloadJob#run: Starting the installation of okhttp-api on behalf of admin
2025-08-12 20:46:21.555+0000 [id=143]	INFO	h.m.UpdateCenter$UpdateCenterConfiguration#download: Downloading okhttp-api
2025-08-12 20:46:29.774+0000 [id=143]	INFO	h.model.UpdateCenter$DownloadJob#run: Installation successful: okhttp-api
2025-08-12 20:46:29.774+0000 [id=143]	INFO	h.model.UpdateCenter$DownloadJob#run: Starting the installation of durable-task on behalf of admin
2025-08-12 20:46:29.775+0000 [id=143]	INFO	h.m.UpdateCenter$UpdateCenterConfiguration#download: Downloading durable-task
2025-08-12 20:46:53.096+0000 [id=143]	INFO	h.model.UpdateCenter$DownloadJob#run: Installation successful: durable-task
2025-08-12 20:46:53.096+0000 [id=143]	INFO	h.model.UpdateCenter$DownloadJob#run: Starting the installation of workflow-durable-task-step on behalf of admin
2025-08-12 20:46:53.097+0000 [id=143]	INFO	h.m.UpdateCenter$UpdateCenterConfiguration#download: Downloading workflow-durable-task-step
2025-08-12 20:46:54.281+0000 [id=143]	INFO	h.model.UpdateCenter$DownloadJob#run: Installation successful: workflow-durable-task-step
2025-08-12 20:46:54.281+0000 [id=143]	INFO	h.model.UpdateCenter$DownloadJob#run: Starting the installation of workflow-scm-step on behalf of admin
2025-08-12 20:46:54.282+0000 [id=143]	INFO	h.m.UpdateCenter$UpdateCenterConfiguration#download: Downloading workflow-scm-step
2025-08-12 20:46:55.205+0000 [id=143]	INFO	h.model.UpdateCenter$DownloadJob#run: Installation successful: workflow-scm-step
2025-08-12 20:46:55.205+0000 [id=143]	INFO	h.model.UpdateCenter$DownloadJob#run: Starting the installation of workflow-cps on behalf of admin
2025-08-12 20:46:55.206+0000 [id=143]	INFO	h.m.UpdateCenter$UpdateCenterConfiguration#download: Downloading workflow-cps
2025-08-12 20:46:56.808+0000 [id=143]	INFO	h.model.UpdateCenter$DownloadJob#run: Installation successful: workflow-cps
2025-08-12 20:46:56.808+0000 [id=143]	INFO	h.model.UpdateCenter$DownloadJob#run: Starting the installation of workflow-job on behalf of admin
2025-08-12 20:46:56.808+0000 [id=143]	INFO	h.m.UpdateCenter$UpdateCenterConfiguration#download: Downloading workflow-job
2025-08-12 20:46:58.856+0000 [id=143]	INFO	h.model.UpdateCenter$DownloadJob#run: Installation successful: workflow-job
2025-08-12 20:46:58.856+0000 [id=143]	INFO	h.model.UpdateCenter$DownloadJob#run: Starting the installation of jakarta-activation-api on behalf of admin
2025-08-12 20:46:58.857+0000 [id=143]	INFO	h.m.UpdateCenter$UpdateCenterConfiguration#download: Downloading jakarta-activation-api
2025-08-12 20:46:59.867+0000 [id=143]	INFO	h.model.UpdateCenter$DownloadJob#run: Installation successful: jakarta-activation-api
2025-08-12 20:46:59.868+0000 [id=143]	INFO	h.model.UpdateCenter$DownloadJob#run: Starting the installation of jakarta-mail-api on behalf of admin
2025-08-12 20:46:59.869+0000 [id=143]	INFO	h.m.UpdateCenter$UpdateCenterConfiguration#download: Downloading jakarta-mail-api
2025-08-12 20:47:01.879+0000 [id=143]	INFO	h.model.UpdateCenter$DownloadJob#run: Installation successful: jakarta-mail-api
2025-08-12 20:47:01.880+0000 [id=143]	INFO	h.model.UpdateCenter$DownloadJob#run: Starting the installation of apache-httpcomponents-client-4-api on behalf of admin
2025-08-12 20:47:01.880+0000 [id=143]	INFO	h.m.UpdateCenter$UpdateCenterConfiguration#download: Downloading apache-httpcomponents-client-4-api
2025-08-12 20:47:05.052+0000 [id=143]	INFO	h.model.UpdateCenter$DownloadJob#run: Installation successful: apache-httpcomponents-client-4-api
2025-08-12 20:47:05.052+0000 [id=143]	INFO	h.model.UpdateCenter$DownloadJob#run: Starting the installation of instance-identity on behalf of admin
2025-08-12 20:47:05.052+0000 [id=143]	INFO	h.m.UpdateCenter$UpdateCenterConfiguration#download: Downloading instance-identity
2025-08-12 20:47:05.916+0000 [id=143]	INFO	h.model.UpdateCenter$DownloadJob#run: Installation successful: instance-identity
2025-08-12 20:47:05.917+0000 [id=143]	INFO	h.model.UpdateCenter$DownloadJob#run: Starting the installation of mailer on behalf of admin
2025-08-12 20:47:05.917+0000 [id=143]	INFO	h.m.UpdateCenter$UpdateCenterConfiguration#download: Downloading mailer
2025-08-12 20:47:07.300+0000 [id=143]	INFO	h.model.UpdateCenter$DownloadJob#run: Installation successful: mailer
2025-08-12 20:47:07.300+0000 [id=143]	INFO	h.model.UpdateCenter$DownloadJob#run: Starting the installation of workflow-basic-steps on behalf of admin
2025-08-12 20:47:07.301+0000 [id=143]	INFO	h.m.UpdateCenter$UpdateCenterConfiguration#download: Downloading workflow-basic-steps
2025-08-12 20:47:08.805+0000 [id=143]	INFO	h.model.UpdateCenter$DownloadJob#run: Installation successful: workflow-basic-steps
2025-08-12 20:47:08.806+0000 [id=143]	INFO	h.model.UpdateCenter$DownloadJob#run: Starting the installation of gradle on behalf of admin
2025-08-12 20:47:08.806+0000 [id=143]	INFO	h.m.UpdateCenter$UpdateCenterConfiguration#download: Downloading gradle
2025-08-12 20:47:13.253+0000 [id=143]	INFO	h.model.UpdateCenter$DownloadJob#run: Installation successful: gradle
2025-08-12 20:47:13.254+0000 [id=143]	INFO	h.model.UpdateCenter$DownloadJob#run: Starting the installation of pipeline-milestone-step on behalf of admin
2025-08-12 20:47:13.254+0000 [id=143]	INFO	h.m.UpdateCenter$UpdateCenterConfiguration#download: Downloading pipeline-milestone-step
2025-08-12 20:47:14.350+0000 [id=143]	INFO	h.model.UpdateCenter$DownloadJob#run: Installation successful: pipeline-milestone-step
2025-08-12 20:47:14.351+0000 [id=143]	INFO	h.model.UpdateCenter$DownloadJob#run: Starting the installation of pipeline-build-step on behalf of admin
2025-08-12 20:47:14.351+0000 [id=143]	INFO	h.m.UpdateCenter$UpdateCenterConfiguration#download: Downloading pipeline-build-step
2025-08-12 20:47:15.276+0000 [id=143]	INFO	h.model.UpdateCenter$DownloadJob#run: Installation successful: pipeline-build-step
2025-08-12 20:47:15.276+0000 [id=143]	INFO	h.model.UpdateCenter$DownloadJob#run: Starting the installation of pipeline-groovy-lib on behalf of admin
2025-08-12 20:47:15.277+0000 [id=143]	INFO	h.m.UpdateCenter$UpdateCenterConfiguration#download: Downloading pipeline-groovy-lib
2025-08-12 20:47:16.955+0000 [id=143]	SEVERE	h.model.UpdateCenter$DownloadJob#run: Failed to install pipeline-groovy-lib
java.io.IOException: Failed to load: Pipeline: Groovy Libraries (pipeline-groovy-lib 745.vdf6077913de0)
 - Failed to load: Folders Plugin (cloudbees-folder 6.928.v7c780211d66e)
	at hudson.PluginWrapper.resolvePluginDependencies(PluginWrapper.java:988)
	at hudson.PluginManager.dynamicLoad(PluginManager.java:946)
Caused: java.io.IOException: Failed to install pipeline-groovy-lib plugin
	at hudson.PluginManager.dynamicLoad(PluginManager.java:960)
	at hudson.model.UpdateCenter$InstallationJob._run(UpdateCenter.java:2249)
Caused: java.io.IOException: Failed to dynamically deploy this plugin
	at hudson.model.UpdateCenter$InstallationJob._run(UpdateCenter.java:2253)
	at hudson.model.UpdateCenter$DownloadJob.run(UpdateCenter.java:1899)
	at java.base/java.util.concurrent.Executors$RunnableAdapter.call(Executors.java:572)
	at java.base/java.util.concurrent.FutureTask.run(FutureTask.java:317)
	at hudson.remoting.AtmostOneThreadExecutor$Worker.run(AtmostOneThreadExecutor.java:121)
	at java.base/java.lang.Thread.run(Thread.java:1583)
2025-08-12 20:47:16.955+0000 [id=143]	INFO	h.model.UpdateCenter$DownloadJob#run: Starting the installation of pipeline-stage-step on behalf of admin
2025-08-12 20:47:16.956+0000 [id=143]	INFO	h.m.UpdateCenter$UpdateCenterConfiguration#download: Downloading pipeline-stage-step
2025-08-12 20:47:17.827+0000 [id=143]	INFO	h.model.UpdateCenter$DownloadJob#run: Installation successful: pipeline-stage-step
2025-08-12 20:47:17.827+0000 [id=143]	INFO	h.model.UpdateCenter$DownloadJob#run: Starting the installation of joda-time-api on behalf of admin
2025-08-12 20:47:17.828+0000 [id=143]	INFO	h.m.UpdateCenter$UpdateCenterConfiguration#download: Downloading joda-time-api
2025-08-12 20:47:19.086+0000 [id=143]	INFO	h.model.UpdateCenter$DownloadJob#run: Installation successful: joda-time-api
2025-08-12 20:47:19.086+0000 [id=143]	INFO	h.model.UpdateCenter$DownloadJob#run: Starting the installation of pipeline-model-api on behalf of admin
2025-08-12 20:47:19.087+0000 [id=143]	INFO	h.m.UpdateCenter$UpdateCenterConfiguration#download: Downloading pipeline-model-api
2025-08-12 20:47:24.433+0000 [id=143]	INFO	h.model.UpdateCenter$DownloadJob#run: Installation successful: pipeline-model-api
2025-08-12 20:47:24.434+0000 [id=143]	INFO	h.model.UpdateCenter$DownloadJob#run: Starting the installation of pipeline-model-extensions on behalf of admin
2025-08-12 20:47:24.435+0000 [id=143]	INFO	h.m.UpdateCenter$UpdateCenterConfiguration#download: Downloading pipeline-model-extensions
2025-08-12 20:47:25.458+0000 [id=143]	INFO	h.model.UpdateCenter$DownloadJob#run: Installation successful: pipeline-model-extensions
2025-08-12 20:47:25.458+0000 [id=143]	INFO	h.model.UpdateCenter$DownloadJob#run: Starting the installation of branch-api on behalf of admin
2025-08-12 20:47:25.459+0000 [id=143]	INFO	h.m.UpdateCenter$UpdateCenterConfiguration#download: Downloading branch-api
2025-08-12 20:47:26.841+0000 [id=143]	SEVERE	h.model.UpdateCenter$DownloadJob#run: Failed to install branch-api
java.io.IOException: Failed to load: Branch API Plugin (branch-api 2.1202.vc51412f3ed84)
 - Failed to load: Folders Plugin (cloudbees-folder 6.928.v7c780211d66e)
	at hudson.PluginWrapper.resolvePluginDependencies(PluginWrapper.java:988)
	at hudson.PluginManager.dynamicLoad(PluginManager.java:946)
Caused: java.io.IOException: Failed to install branch-api plugin
	at hudson.PluginManager.dynamicLoad(PluginManager.java:960)
	at hudson.model.UpdateCenter$InstallationJob._run(UpdateCenter.java:2249)
Caused: java.io.IOException: Failed to dynamically deploy this plugin
	at hudson.model.UpdateCenter$InstallationJob._run(UpdateCenter.java:2253)
	at hudson.model.UpdateCenter$DownloadJob.run(UpdateCenter.java:1899)
	at java.base/java.util.concurrent.Executors$RunnableAdapter.call(Executors.java:572)
	at java.base/java.util.concurrent.FutureTask.run(FutureTask.java:317)
	at hudson.remoting.AtmostOneThreadExecutor$Worker.run(AtmostOneThreadExecutor.java:121)
	at java.base/java.lang.Thread.run(Thread.java:1583)
2025-08-12 20:47:26.842+0000 [id=143]	INFO	h.model.UpdateCenter$DownloadJob#run: Starting the installation of workflow-multibranch on behalf of admin
2025-08-12 20:47:26.842+0000 [id=143]	INFO	h.m.UpdateCenter$UpdateCenterConfiguration#download: Downloading workflow-multibranch
2025-08-12 20:47:27.860+0000 [id=143]	SEVERE	h.model.UpdateCenter$DownloadJob#run: Failed to install workflow-multibranch
java.io.IOException: Failed to load: Pipeline: Multibranch (workflow-multibranch 783.787.v50539468395f)
 - Jenkins (2.452.1) or higher required
 - Failed to load: Branch API Plugin (branch-api 2.1202.vc51412f3ed84)
	at hudson.PluginWrapper.resolvePluginDependencies(PluginWrapper.java:988)
	at hudson.PluginManager.dynamicLoad(PluginManager.java:946)
Caused: java.io.IOException: Failed to install workflow-multibranch plugin
	at hudson.PluginManager.dynamicLoad(PluginManager.java:960)
	at hudson.model.UpdateCenter$InstallationJob._run(UpdateCenter.java:2249)
Caused: java.io.IOException: Failed to dynamically deploy this plugin
	at hudson.model.UpdateCenter$InstallationJob._run(UpdateCenter.java:2253)
	at hudson.model.UpdateCenter$DownloadJob.run(UpdateCenter.java:1899)
	at java.base/java.util.concurrent.Executors$RunnableAdapter.call(Executors.java:572)
	at java.base/java.util.concurrent.FutureTask.run(FutureTask.java:317)
	at hudson.remoting.AtmostOneThreadExecutor$Worker.run(AtmostOneThreadExecutor.java:121)
	at java.base/java.lang.Thread.run(Thread.java:1583)
2025-08-12 20:47:27.861+0000 [id=143]	INFO	h.model.UpdateCenter$DownloadJob#run: Starting the installation of pipeline-stage-tags-metadata on behalf of admin
2025-08-12 20:47:27.861+0000 [id=143]	INFO	h.m.UpdateCenter$UpdateCenterConfiguration#download: Downloading pipeline-stage-tags-metadata
2025-08-12 20:47:28.803+0000 [id=143]	INFO	h.model.UpdateCenter$DownloadJob#run: Installation successful: pipeline-stage-tags-metadata
2025-08-12 20:47:28.804+0000 [id=143]	INFO	h.model.UpdateCenter$DownloadJob#run: Starting the installation of pipeline-input-step on behalf of admin
2025-08-12 20:47:28.804+0000 [id=143]	INFO	h.m.UpdateCenter$UpdateCenterConfiguration#download: Downloading pipeline-input-step
2025-08-12 20:47:29.677+0000 [id=143]	INFO	h.model.UpdateCenter$DownloadJob#run: Installation successful: pipeline-input-step
2025-08-12 20:47:29.677+0000 [id=143]	INFO	h.model.UpdateCenter$DownloadJob#run: Starting the installation of pipeline-model-definition on behalf of admin
2025-08-12 20:47:29.678+0000 [id=143]	INFO	h.m.UpdateCenter$UpdateCenterConfiguration#download: Downloading pipeline-model-definition
2025-08-12 20:47:33.535+0000 [id=143]	SEVERE	h.model.UpdateCenter$DownloadJob#run: Failed to install pipeline-model-definition
java.io.IOException: Failed to load: Pipeline: Declarative (pipeline-model-definition 2.2218.v56d0cda_37c72)
 - Failed to load: Pipeline: Groovy Libraries (pipeline-groovy-lib 745.vdf6077913de0)
	at hudson.PluginWrapper.resolvePluginDependencies(PluginWrapper.java:988)
	at hudson.PluginManager.dynamicLoad(PluginManager.java:946)
Caused: java.io.IOException: Failed to install pipeline-model-definition plugin
	at hudson.PluginManager.dynamicLoad(PluginManager.java:960)
	at hudson.model.UpdateCenter$InstallationJob._run(UpdateCenter.java:2249)
Caused: java.io.IOException: Failed to dynamically deploy this plugin
	at hudson.model.UpdateCenter$InstallationJob._run(UpdateCenter.java:2253)
	at hudson.model.UpdateCenter$DownloadJob.run(UpdateCenter.java:1899)
	at java.base/java.util.concurrent.Executors$RunnableAdapter.call(Executors.java:572)
	at java.base/java.util.concurrent.FutureTask.run(FutureTask.java:317)
	at hudson.remoting.AtmostOneThreadExecutor$Worker.run(AtmostOneThreadExecutor.java:121)
	at java.base/java.lang.Thread.run(Thread.java:1583)
2025-08-12 20:47:33.536+0000 [id=143]	INFO	h.model.UpdateCenter$DownloadJob#run: Starting the installation of workflow-aggregator on behalf of admin
2025-08-12 20:47:33.536+0000 [id=143]	INFO	h.m.UpdateCenter$UpdateCenterConfiguration#download: Downloading workflow-aggregator
2025-08-12 20:47:34.508+0000 [id=143]	SEVERE	h.model.UpdateCenter$DownloadJob#run: Failed to install workflow-aggregator
java.io.IOException: Failed to load: Pipeline (workflow-aggregator 600.vb_57cdd26fdd7)
 - Failed to load: Pipeline: Groovy Libraries (pipeline-groovy-lib 745.vdf6077913de0)
	at hudson.PluginWrapper.resolvePluginDependencies(PluginWrapper.java:988)
	at hudson.PluginManager.dynamicLoad(PluginManager.java:946)
Caused: java.io.IOException: Failed to install workflow-aggregator plugin
	at hudson.PluginManager.dynamicLoad(PluginManager.java:960)
	at hudson.model.UpdateCenter$InstallationJob._run(UpdateCenter.java:2249)
Caused: java.io.IOException: Failed to dynamically deploy this plugin
	at hudson.model.UpdateCenter$InstallationJob._run(UpdateCenter.java:2253)
	at hudson.model.UpdateCenter$DownloadJob.run(UpdateCenter.java:1899)
	at java.base/java.util.concurrent.Executors$RunnableAdapter.call(Executors.java:572)
	at java.base/java.util.concurrent.FutureTask.run(FutureTask.java:317)
	at hudson.remoting.AtmostOneThreadExecutor$Worker.run(AtmostOneThreadExecutor.java:121)
	at java.base/java.lang.Thread.run(Thread.java:1583)
2025-08-12 20:47:34.508+0000 [id=143]	INFO	h.model.UpdateCenter$DownloadJob#run: Starting the installation of jjwt-api on behalf of admin
2025-08-12 20:47:34.509+0000 [id=143]	INFO	h.m.UpdateCenter$UpdateCenterConfiguration#download: Downloading jjwt-api
2025-08-12 20:47:35.570+0000 [id=143]	INFO	h.model.UpdateCenter$DownloadJob#run: Installation successful: jjwt-api
2025-08-12 20:47:35.570+0000 [id=143]	INFO	h.model.UpdateCenter$DownloadJob#run: Starting the installation of github-api on behalf of admin
2025-08-12 20:47:35.571+0000 [id=143]	INFO	h.m.UpdateCenter$UpdateCenterConfiguration#download: Downloading github-api
2025-08-12 20:47:37.168+0000 [id=143]	INFO	h.model.UpdateCenter$DownloadJob#run: Installation successful: github-api
2025-08-12 20:47:37.168+0000 [id=143]	INFO	h.model.UpdateCenter$DownloadJob#run: Starting the installation of mina-sshd-api-common on behalf of admin
2025-08-12 20:47:37.169+0000 [id=143]	INFO	h.m.UpdateCenter$UpdateCenterConfiguration#download: Downloading mina-sshd-api-common
2025-08-12 20:47:39.383+0000 [id=143]	INFO	h.model.UpdateCenter$DownloadJob#run: Installation successful: mina-sshd-api-common
2025-08-12 20:47:39.384+0000 [id=143]	INFO	h.model.UpdateCenter$DownloadJob#run: Starting the installation of mina-sshd-api-core on behalf of admin
2025-08-12 20:47:39.385+0000 [id=143]	INFO	h.m.UpdateCenter$UpdateCenterConfiguration#download: Downloading mina-sshd-api-core
2025-08-12 20:47:42.366+0000 [id=143]	INFO	h.model.UpdateCenter$DownloadJob#run: Installation successful: mina-sshd-api-core
2025-08-12 20:47:42.367+0000 [id=143]	INFO	h.model.UpdateCenter$DownloadJob#run: Starting the installation of gson-api on behalf of admin
2025-08-12 20:47:42.367+0000 [id=143]	INFO	h.m.UpdateCenter$UpdateCenterConfiguration#download: Downloading gson-api
2025-08-12 20:47:43.738+0000 [id=143]	INFO	h.model.UpdateCenter$DownloadJob#run: Installation successful: gson-api
2025-08-12 20:47:43.738+0000 [id=143]	INFO	h.model.UpdateCenter$DownloadJob#run: Starting the installation of git-client on behalf of admin
2025-08-12 20:47:43.739+0000 [id=143]	INFO	h.m.UpdateCenter$UpdateCenterConfiguration#download: Downloading git-client
2025-08-12 20:47:51.624+0000 [id=143]	INFO	h.model.UpdateCenter$DownloadJob#run: Installation successful: git-client
2025-08-12 20:47:51.625+0000 [id=143]	INFO	h.model.UpdateCenter$DownloadJob#run: Starting the installation of git on behalf of admin
2025-08-12 20:47:51.625+0000 [id=143]	INFO	h.m.UpdateCenter$UpdateCenterConfiguration#download: Downloading git
2025-08-12 20:47:53.355+0000 [id=143]	INFO	h.model.UpdateCenter$DownloadJob#run: Installation successful: git
2025-08-12 20:47:53.357+0000 [id=143]	INFO	h.model.UpdateCenter$DownloadJob#run: Starting the installation of github on behalf of admin
2025-08-12 20:47:53.357+0000 [id=143]	INFO	h.m.UpdateCenter$UpdateCenterConfiguration#download: Downloading github
2025-08-12 20:47:54.597+0000 [id=143]	INFO	h.model.UpdateCenter$DownloadJob#run: Installation successful: github
2025-08-12 20:47:54.601+0000 [id=143]	INFO	h.model.UpdateCenter$DownloadJob#run: Starting the installation of github-branch-source on behalf of admin
2025-08-12 20:47:54.601+0000 [id=143]	INFO	h.m.UpdateCenter$UpdateCenterConfiguration#download: Downloading github-branch-source
2025-08-12 20:47:56.001+0000 [id=143]	INFO	h.model.UpdateCenter$DownloadJob#run: Installation successful: github-branch-source
2025-08-12 20:47:56.002+0000 [id=143]	INFO	h.model.UpdateCenter$DownloadJob#run: Starting the installation of pipeline-github-lib on behalf of admin
2025-08-12 20:47:56.002+0000 [id=143]	INFO	h.m.UpdateCenter$UpdateCenterConfiguration#download: Downloading pipeline-github-lib
2025-08-12 20:47:57.031+0000 [id=143]	SEVERE	h.model.UpdateCenter$DownloadJob#run: Failed to install pipeline-github-lib
java.io.IOException: Failed to load: Pipeline: GitHub Groovy Libraries (pipeline-github-lib 61.v629f2cc41d83)
 - Failed to load: Pipeline: Groovy Libraries (pipeline-groovy-lib 745.vdf6077913de0)
	at hudson.PluginWrapper.resolvePluginDependencies(PluginWrapper.java:988)
	at hudson.PluginManager.dynamicLoad(PluginManager.java:946)
Caused: java.io.IOException: Failed to install pipeline-github-lib plugin
	at hudson.PluginManager.dynamicLoad(PluginManager.java:960)
	at hudson.model.UpdateCenter$InstallationJob._run(UpdateCenter.java:2249)
Caused: java.io.IOException: Failed to dynamically deploy this plugin
	at hudson.model.UpdateCenter$InstallationJob._run(UpdateCenter.java:2253)
	at hudson.model.UpdateCenter$DownloadJob.run(UpdateCenter.java:1899)
	at java.base/java.util.concurrent.Executors$RunnableAdapter.call(Executors.java:572)
	at java.base/java.util.concurrent.FutureTask.run(FutureTask.java:317)
	at hudson.remoting.AtmostOneThreadExecutor$Worker.run(AtmostOneThreadExecutor.java:121)
	at java.base/java.lang.Thread.run(Thread.java:1583)
2025-08-12 20:47:57.032+0000 [id=143]	INFO	h.model.UpdateCenter$DownloadJob#run: Starting the installation of pipeline-graph-analysis on behalf of admin
2025-08-12 20:47:57.033+0000 [id=143]	INFO	h.m.UpdateCenter$UpdateCenterConfiguration#download: Downloading pipeline-graph-analysis
2025-08-12 20:47:57.956+0000 [id=143]	INFO	h.model.UpdateCenter$DownloadJob#run: Installation successful: pipeline-graph-analysis
2025-08-12 20:47:57.956+0000 [id=143]	INFO	h.model.UpdateCenter$DownloadJob#run: Starting the installation of pipeline-rest-api on behalf of admin
2025-08-12 20:47:57.957+0000 [id=143]	INFO	h.m.UpdateCenter$UpdateCenterConfiguration#download: Downloading pipeline-rest-api
2025-08-12 20:47:58.970+0000 [id=143]	INFO	h.model.UpdateCenter$DownloadJob#run: Installation successful: pipeline-rest-api
2025-08-12 20:47:58.971+0000 [id=143]	INFO	h.model.UpdateCenter$DownloadJob#run: Starting the installation of pipeline-stage-view on behalf of admin
2025-08-12 20:47:58.971+0000 [id=143]	INFO	h.m.UpdateCenter$UpdateCenterConfiguration#download: Downloading pipeline-stage-view
2025-08-12 20:48:00.738+0000 [id=143]	INFO	h.model.UpdateCenter$DownloadJob#run: Installation successful: pipeline-stage-view
2025-08-12 20:48:00.738+0000 [id=143]	INFO	h.model.UpdateCenter$DownloadJob#run: Starting the installation of git on behalf of admin
2025-08-12 20:48:00.739+0000 [id=143]	INFO	h.m.UpdateCenter$InstallationJob#_run: Skipping duplicate install of: Git@5.5.2
2025-08-12 20:48:00.739+0000 [id=143]	INFO	h.model.UpdateCenter$DownloadJob#run: Installation successful: git
2025-08-12 20:48:00.739+0000 [id=143]	INFO	h.model.UpdateCenter$DownloadJob#run: Starting the installation of eddsa-api on behalf of admin
2025-08-12 20:48:00.739+0000 [id=143]	INFO	h.m.UpdateCenter$UpdateCenterConfiguration#download: Downloading eddsa-api
2025-08-12 20:48:01.709+0000 [id=143]	INFO	h.model.UpdateCenter$DownloadJob#run: Installation successful: eddsa-api
2025-08-12 20:48:01.710+0000 [id=143]	INFO	h.model.UpdateCenter$DownloadJob#run: Starting the installation of trilead-api on behalf of admin
2025-08-12 20:48:01.710+0000 [id=143]	INFO	h.m.UpdateCenter$UpdateCenterConfiguration#download: Downloading trilead-api
2025-08-12 20:48:05.932+0000 [id=143]	INFO	h.model.UpdateCenter$DownloadJob#run: Installation successful: trilead-api
2025-08-12 20:48:05.933+0000 [id=143]	INFO	h.model.UpdateCenter$DownloadJob#run: Starting the installation of ssh-slaves on behalf of admin
2025-08-12 20:48:05.933+0000 [id=143]	INFO	h.m.UpdateCenter$UpdateCenterConfiguration#download: Downloading ssh-slaves
2025-08-12 20:48:07.047+0000 [id=143]	INFO	h.model.UpdateCenter$DownloadJob#run: Installation successful: ssh-slaves
2025-08-12 20:48:07.047+0000 [id=143]	INFO	h.model.UpdateCenter$DownloadJob#run: Starting the installation of matrix-auth on behalf of admin
2025-08-12 20:48:07.048+0000 [id=143]	INFO	h.m.UpdateCenter$UpdateCenterConfiguration#download: Downloading matrix-auth
2025-08-12 20:48:08.237+0000 [id=143]	INFO	h.model.UpdateCenter$DownloadJob#run: Installation successful: matrix-auth
2025-08-12 20:48:08.237+0000 [id=143]	INFO	h.model.UpdateCenter$DownloadJob#run: Starting the installation of pam-auth on behalf of admin
2025-08-12 20:48:08.238+0000 [id=143]	INFO	h.m.UpdateCenter$UpdateCenterConfiguration#download: Downloading pam-auth
2025-08-12 20:48:09.172+0000 [id=143]	INFO	h.model.UpdateCenter$DownloadJob#run: Installation successful: pam-auth
2025-08-12 20:48:09.172+0000 [id=143]	INFO	h.model.UpdateCenter$DownloadJob#run: Starting the installation of ldap on behalf of admin
2025-08-12 20:48:09.173+0000 [id=143]	INFO	h.m.UpdateCenter$UpdateCenterConfiguration#download: Downloading ldap
2025-08-12 20:48:17.848+0000 [id=143]	INFO	h.model.UpdateCenter$DownloadJob#run: Installation successful: ldap
2025-08-12 20:48:17.849+0000 [id=143]	INFO	h.model.UpdateCenter$DownloadJob#run: Starting the installation of email-ext on behalf of admin
2025-08-12 20:48:17.849+0000 [id=143]	INFO	h.m.UpdateCenter$UpdateCenterConfiguration#download: Downloading email-ext
2025-08-12 20:48:20.650+0000 [id=143]	INFO	h.model.UpdateCenter$DownloadJob#run: Installation successful: email-ext
2025-08-12 20:48:20.651+0000 [id=143]	INFO	h.model.UpdateCenter$DownloadJob#run: Starting the installation of mailer on behalf of admin
2025-08-12 20:48:20.651+0000 [id=143]	INFO	h.m.UpdateCenter$InstallationJob#_run: Skipping duplicate install of: Mailer@488.v0c9639c1a_eb_3
2025-08-12 20:48:20.652+0000 [id=143]	INFO	h.model.UpdateCenter$DownloadJob#run: Installation successful: mailer
2025-08-12 20:48:20.652+0000 [id=143]	INFO	h.model.UpdateCenter$DownloadJob#run: Starting the installation of theme-manager on behalf of admin
2025-08-12 20:48:20.652+0000 [id=143]	INFO	h.m.UpdateCenter$UpdateCenterConfiguration#download: Downloading theme-manager
2025-08-12 20:48:21.562+0000 [id=143]	INFO	h.model.UpdateCenter$DownloadJob#run: Installation successful: theme-manager
2025-08-12 20:48:21.563+0000 [id=143]	INFO	h.model.UpdateCenter$DownloadJob#run: Starting the installation of dark-theme on behalf of admin
2025-08-12 20:48:21.563+0000 [id=143]	INFO	h.m.UpdateCenter$UpdateCenterConfiguration#download: Downloading dark-theme
2025-08-12 20:48:22.545+0000 [id=143]	INFO	h.model.UpdateCenter$DownloadJob#run: Installation successful: dark-theme
2025-08-12 20:48:22.545+0000 [id=143]	INFO	h.m.UpdateCenter$CompleteBatchJob#run: Completing installing of plugin batch
2025-08-12 20:48:23.662+0000 [id=143]	INFO	h.p.b.g.GlobalTimeOutConfiguration#load: global timeout not set
2025-08-12 20:48:24.885+0000 [id=143]	INFO	h.m.DownloadService$Downloadable#load: Obtained the updated data file for hudson.tasks.Ant.AntInstaller
2025-08-12 20:48:25.981+0000 [id=143]	INFO	h.m.DownloadService$Downloadable#load: Obtained the updated data file for hudson.plugins.gradle.GradleInstaller
2025-08-12 20:48:26.124+0000 [id=341]	INFO	jenkins.InitReactorRunner$1#onAttained: Started initialization
2025-08-12 20:48:26.127+0000 [id=352]	INFO	jenkins.InitReactorRunner$1#onAttained: Listed all plugins
2025-08-12 20:48:26.129+0000 [id=357]	INFO	jenkins.InitReactorRunner$1#onAttained: Prepared all plugins
2025-08-12 20:48:26.140+0000 [id=365]	INFO	jenkins.InitReactorRunner$1#onAttained: Started all plugins
2025-08-12 20:48:26.143+0000 [id=372]	INFO	jenkins.InitReactorRunner$1#onAttained: Augmented all extensions
2025-08-12 20:48:26.145+0000 [id=346]	INFO	jenkins.InitReactorRunner$1#onAttained: System config loaded
2025-08-12 20:48:26.145+0000 [id=355]	INFO	jenkins.InitReactorRunner$1#onAttained: System config adapted
2025-08-12 20:48:26.160+0000 [id=363]	INFO	jenkins.InitReactorRunner$1#onAttained: Loaded all jobs
2025-08-12 20:48:26.161+0000 [id=360]	INFO	jenkins.InitReactorRunner$1#onAttained: Configuration for all jobs updated
2025-08-12 20:48:26.166+0000 [id=363]	INFO	jenkins.InitReactorRunner$1#onAttained: Completed initialization
2025-08-12 20:48:26.168+0000 [id=143]	INFO	h.m.UpdateCenter$CompleteBatchJob#run: Completed installation of 81 plugins in 3 min 26 sec
2025-08-12 20:48:45.768+0000 [id=48]	INFO	winstone.Logger#logInternal: JVM is terminating. Shutting down Jetty
2025-08-12 20:48:45.769+0000 [id=48]	INFO	org.eclipse.jetty.server.Server#doStop: Stopped Server@15761df8{STOPPING}[10.0.20,sto=0]
2025-08-12 20:48:45.772+0000 [id=48]	INFO	o.e.j.server.AbstractConnector#doStop: Stopped ServerConnector@75f9eccc{HTTP/1.1, (http/1.1)}{0.0.0.0:8080}
2025-08-12 20:48:45.774+0000 [id=48]	INFO	hudson.lifecycle.Lifecycle#onStatusUpdate: Stopping Jenkins
2025-08-12 20:48:45.780+0000 [id=48]	INFO	jenkins.model.Jenkins$16#onAttained: Started termination
2025-08-12 20:48:45.783+0000 [id=48]	INFO	h.p.b.global.Lifecycle#shutdown: Shutdown complete - Global TimeOut ScheduledExecutorService had 0 tasks pending
2025-08-12 20:48:45.795+0000 [id=48]	INFO	jenkins.model.Jenkins$16#onAttained: Completed termination
2025-08-12 20:48:45.795+0000 [id=48]	INFO	jenkins.model.Jenkins#_cleanUpDisconnectComputers: Starting node disconnection
2025-08-12 20:48:45.799+0000 [id=48]	INFO	jenkins.model.Jenkins#_cleanUpShutdownPluginManager: Stopping plugin manager
2025-08-12 20:48:45.801+0000 [id=48]	INFO	jenkins.model.Jenkins#_cleanUpPersistQueue: Persisting build queue
2025-08-12 20:48:45.807+0000 [id=48]	INFO	jenkins.model.Jenkins#_cleanUpAwaitDisconnects: Waiting for node disconnection completion
2025-08-12 20:48:45.807+0000 [id=48]	INFO	hudson.lifecycle.Lifecycle#onStatusUpdate: Jenkins stopped
2025-08-12 20:48:45.809+0000 [id=48]	INFO	o.e.j.s.handler.ContextHandler#doStop: Stopped w.@6d1310f6{Jenkins v2.440.3,/,null,STOPPED}{/home/lambr/.jenkins/war}
2025-08-12 20:48:45.812+0000 [id=48]	INFO	winstone.Logger#logInternal: Jetty shutdown successfully
